<?xml version="1.0" encoding="UTF-8"?>
<testng-results skipped="0" failed="0" ignored="0" total="3" passed="3">
  <reporter-output>
  </reporter-output>
  <suite name="Suite" duration-ms="12535" started-at="2019-11-05T12:09:45 IST" finished-at="2019-11-05T12:09:57 IST">
    <groups>
    </groups>
    <test name="TestonChrome" duration-ms="12535" started-at="2019-11-05T12:09:45 IST" finished-at="2019-11-05T12:09:57 IST">
      <class name="ParallelExecutionDemo1">
        <test-method status="PASS" signature="abTest(java.lang.String)[pri:0, instance:ParallelExecutionDemo1@11baa65]" name="abTest" duration-ms="6130" started-at="2019-11-05T12:09:45 IST" finished-at="2019-11-05T12:09:51 IST">
          <params>
            <param index="0">
              <value>
                <![CDATA[chrome]]>
              </value>
            </param>
          </params>
          <reporter-output>
          </reporter-output>
        </test-method> <!-- abTest -->
        <test-method status="PASS" signature="brunBrowser()[pri:0, instance:ParallelExecutionDemo1@11baa65]" name="brunBrowser" duration-ms="6305" started-at="2019-11-05T12:09:51 IST" finished-at="2019-11-05T12:09:57 IST">
          <reporter-output>
          </reporter-output>
        </test-method> <!-- brunBrowser -->
        <test-method status="PASS" signature="chkLogin()[pri:0, instance:ParallelExecutionDemo1@11baa65]" name="chkLogin" duration-ms="4" started-at="2019-11-05T12:09:57 IST" finished-at="2019-11-05T12:09:57 IST">
          <reporter-output>
          </reporter-output>
        </test-method> <!-- chkLogin -->
      </class> <!-- ParallelExecutionDemo1 -->
    </test> <!-- TestonChrome -->
  </suite> <!-- Suite -->
</testng-results>
